[0m14:04:07.520250 [debug] [MainThread]: Sending event: {'category': 'dbt', 'action': 'invocation', 'label': 'start', 'context': [<snowplow_tracker.self_describing_json.SelfDescribingJson object at 0x00000212B6B15810>, <snowplow_tracker.self_describing_json.SelfDescribingJson object at 0x00000212B6B15C10>, <snowplow_tracker.self_describing_json.SelfDescribingJson object at 0x00000212B6B15F90>]}


============================== 14:04:07.524246 | c6847a64-7626-4819-90f9-b8d3877b727d ==============================
[0m14:04:07.524246 [info ] [MainThread]: Running with dbt=1.5.8
[0m14:04:07.525246 [debug] [MainThread]: running dbt with arguments {'printer_width': '80', 'indirect_selection': 'eager', 'log_cache_events': 'False', 'write_json': 'True', 'partial_parse': 'True', 'cache_selected_only': 'False', 'profiles_dir': 'C:\\Users\\jsolis\\.dbt', 'version_check': 'True', 'fail_fast': 'False', 'log_path': 'logs', 'debug': 'False', 'warn_error': 'None', 'use_colors': 'True', 'use_experimental_parser': 'False', 'no_print': 'None', 'quiet': 'False', 'warn_error_options': 'WarnErrorOptions(include=[], exclude=[])', 'static_parser': 'True', 'log_format': 'default', 'introspect': 'True', 'target_path': 'None', 'send_anonymous_usage_stats': 'True'}
[0m14:04:07.533300 [debug] [MainThread]: Starter project path: C:\Users\jsolis\Desktop\DBTCourse1\venv\Lib\site-packages\dbt\include\starter_project
[0m15:16:46.286250 [debug] [MainThread]: Sending event: {'category': 'dbt', 'action': 'invocation', 'label': 'start', 'context': [<snowplow_tracker.self_describing_json.SelfDescribingJson object at 0x0000018800711B10>, <snowplow_tracker.self_describing_json.SelfDescribingJson object at 0x0000018800591550>, <snowplow_tracker.self_describing_json.SelfDescribingJson object at 0x0000018800591810>]}


============================== 15:16:46.292251 | 7278e786-1bf9-4271-889c-5137f08b374b ==============================
[0m15:16:46.292251 [info ] [MainThread]: Running with dbt=1.5.8
[0m15:16:46.293251 [debug] [MainThread]: running dbt with arguments {'printer_width': '80', 'indirect_selection': 'eager', 'log_cache_events': 'False', 'write_json': 'True', 'partial_parse': 'True', 'cache_selected_only': 'False', 'profiles_dir': 'C:\\Users\\jsolis\\.dbt', 'version_check': 'True', 'debug': 'False', 'log_path': 'logs', 'warn_error': 'None', 'fail_fast': 'False', 'use_colors': 'True', 'use_experimental_parser': 'False', 'no_print': 'None', 'quiet': 'False', 'warn_error_options': 'WarnErrorOptions(include=[], exclude=[])', 'static_parser': 'True', 'log_format': 'default', 'introspect': 'True', 'target_path': 'None', 'send_anonymous_usage_stats': 'True'}
[0m15:16:46.295249 [debug] [MainThread]: Starter project path: C:\Users\jsolis\Desktop\DBTCourse1\venv\Lib\site-packages\dbt\include\starter_project
[0m15:21:32.366585 [debug] [MainThread]: Sending event: {'category': 'dbt', 'action': 'invocation', 'label': 'start', 'context': [<snowplow_tracker.self_describing_json.SelfDescribingJson object at 0x00000228F9844910>, <snowplow_tracker.self_describing_json.SelfDescribingJson object at 0x00000228F95D4950>, <snowplow_tracker.self_describing_json.SelfDescribingJson object at 0x00000228F9844C10>]}


============================== 15:21:32.370949 | e232db60-0288-47bd-bd9b-500d738ca670 ==============================
[0m15:21:32.370949 [info ] [MainThread]: Running with dbt=1.5.8
[0m15:21:32.373253 [debug] [MainThread]: running dbt with arguments {'printer_width': '80', 'indirect_selection': 'eager', 'write_json': 'True', 'log_cache_events': 'False', 'partial_parse': 'True', 'cache_selected_only': 'False', 'warn_error': 'None', 'debug': 'False', 'version_check': 'True', 'log_path': 'logs', 'profiles_dir': 'C:\\Users\\jsolis\\.dbt', 'fail_fast': 'False', 'use_colors': 'True', 'use_experimental_parser': 'False', 'no_print': 'None', 'quiet': 'False', 'warn_error_options': 'WarnErrorOptions(include=[], exclude=[])', 'introspect': 'True', 'log_format': 'default', 'static_parser': 'True', 'target_path': 'None', 'send_anonymous_usage_stats': 'True'}
[0m15:21:32.374289 [debug] [MainThread]: Starter project path: C:\Users\jsolis\Desktop\DBTCourse1\venv\Lib\site-packages\dbt\include\starter_project
[0m15:24:19.616939 [info ] [MainThread]: Profile airbnb written to C:\Users\jsolis\.dbt\profiles.yml using target's profile_template.yml and your supplied values. Run 'dbt debug' to validate the connection.
[0m15:24:19.624470 [info ] [MainThread]: 
Your new dbt project "airbnb" was created!

For more information on how to configure the profiles.yml file,
please consult the dbt documentation here:

  https://docs.getdbt.com/docs/configure-your-profile

One more thing:

Need help? Don't hesitate to reach out to us via GitHub issues or on Slack:

  https://community.getdbt.com/

Happy modeling!

[0m15:24:19.630456 [debug] [MainThread]: Command `dbt init` succeeded at 15:24:19.629421 after 167.40 seconds
[0m15:24:19.631457 [debug] [MainThread]: Sending event: {'category': 'dbt', 'action': 'invocation', 'label': 'end', 'context': [<snowplow_tracker.self_describing_json.SelfDescribingJson object at 0x00000228F367E990>, <snowplow_tracker.self_describing_json.SelfDescribingJson object at 0x00000228F33F87D0>, <snowplow_tracker.self_describing_json.SelfDescribingJson object at 0x00000228F33F8850>]}
[0m15:24:19.632459 [debug] [MainThread]: Flushing usage events
[0m15:25:33.247202 [debug] [MainThread]: Sending event: {'category': 'dbt', 'action': 'invocation', 'label': 'start', 'context': [<snowplow_tracker.self_describing_json.SelfDescribingJson object at 0x000001EEA1670510>, <snowplow_tracker.self_describing_json.SelfDescribingJson object at 0x000001EEA18093D0>, <snowplow_tracker.self_describing_json.SelfDescribingJson object at 0x000001EEA180A250>]}


============================== 15:25:33.251315 | eab54197-b6aa-429b-b977-4accba38dc03 ==============================
[0m15:25:33.251315 [info ] [MainThread]: Running with dbt=1.5.8
[0m15:25:33.253162 [debug] [MainThread]: running dbt with arguments {'printer_width': '80', 'indirect_selection': 'eager', 'log_cache_events': 'False', 'write_json': 'True', 'partial_parse': 'True', 'cache_selected_only': 'False', 'profiles_dir': 'C:\\Users\\jsolis\\.dbt', 'fail_fast': 'False', 'debug': 'False', 'log_path': 'logs', 'version_check': 'True', 'warn_error': 'None', 'use_colors': 'True', 'use_experimental_parser': 'False', 'no_print': 'None', 'quiet': 'False', 'log_format': 'default', 'static_parser': 'True', 'introspect': 'True', 'warn_error_options': 'WarnErrorOptions(include=[], exclude=[])', 'target_path': 'None', 'send_anonymous_usage_stats': 'True'}
[0m15:25:33.253162 [info ] [MainThread]: dbt version: 1.5.8
[0m15:25:33.255163 [info ] [MainThread]: python version: 3.11.5
[0m15:25:33.256162 [info ] [MainThread]: python path: C:\Users\jsolis\Desktop\DBTCourse1\venv\Scripts\python.exe
[0m15:25:33.257206 [info ] [MainThread]: os info: Windows-10-10.0.19045-SP0
[0m15:25:33.258213 [info ] [MainThread]: Using profiles.yml file at C:\Users\jsolis\.dbt\profiles.yml
[0m15:25:33.259212 [info ] [MainThread]: Using dbt_project.yml file at C:\Users\jsolis\Desktop\DBTCourse1\dbt_project.yml
[0m15:25:33.261215 [info ] [MainThread]: Configuration:
[0m15:25:33.647011 [info ] [MainThread]:   profiles.yml file [[32mOK found and valid[0m]
[0m15:25:33.648973 [info ] [MainThread]:   dbt_project.yml file [[31mERROR not found[0m]
[0m15:25:33.649974 [info ] [MainThread]: Required dependencies:
[0m15:25:33.651202 [debug] [MainThread]: Executing "git --help"
[0m15:25:33.728162 [debug] [MainThread]: STDOUT: "b"usage: git [--version] [--help] [-C <path>] [-c <name>=<value>]\n           [--exec-path[=<path>]] [--html-path] [--man-path] [--info-path]\n           [-p | --paginate | -P | --no-pager] [--no-replace-objects] [--bare]\n           [--git-dir=<path>] [--work-tree=<path>] [--namespace=<name>]\n           [--super-prefix=<path>] [--config-env=<name>=<envvar>]\n           <command> [<args>]\n\nThese are common Git commands used in various situations:\n\nstart a working area (see also: git help tutorial)\n   clone     Clone a repository into a new directory\n   init      Create an empty Git repository or reinitialize an existing one\n\nwork on the current change (see also: git help everyday)\n   add       Add file contents to the index\n   mv        Move or rename a file, a directory, or a symlink\n   restore   Restore working tree files\n   rm        Remove files from the working tree and from the index\n\nexamine the history and state (see also: git help revisions)\n   bisect    Use binary search to find the commit that introduced a bug\n   diff      Show changes between commits, commit and working tree, etc\n   grep      Print lines matching a pattern\n   log       Show commit logs\n   show      Show various types of objects\n   status    Show the working tree status\n\ngrow, mark and tweak your common history\n   branch    List, create, or delete branches\n   commit    Record changes to the repository\n   merge     Join two or more development histories together\n   rebase    Reapply commits on top of another base tip\n   reset     Reset current HEAD to the specified state\n   switch    Switch branches\n   tag       Create, list, delete or verify a tag object signed with GPG\n\ncollaborate (see also: git help workflows)\n   fetch     Download objects and refs from another repository\n   pull      Fetch from and integrate with another repository or a local branch\n   push      Update remote refs along with associated objects\n\n'git help -a' and 'git help -g' list available subcommands and some\nconcept guides. See 'git help <command>' or 'git help <concept>'\nto read about a specific subcommand or concept.\nSee 'git help git' for an overview of the system.\n""
[0m15:25:33.729405 [debug] [MainThread]: STDERR: "b''"
[0m15:25:33.730158 [info ] [MainThread]:  - git [[32mOK found[0m]

[0m15:25:33.732157 [info ] [MainThread]: Connection:
[0m15:25:33.733159 [info ] [MainThread]:   account: oifyvwd-dfb62182
[0m15:25:33.734157 [info ] [MainThread]:   user: dbt
[0m15:25:33.734157 [info ] [MainThread]:   database: AIRBNB
[0m15:25:33.735157 [info ] [MainThread]:   schema: DEV
[0m15:25:33.736223 [info ] [MainThread]:   warehouse: COMPUTE_WH
[0m15:25:33.737160 [info ] [MainThread]:   role: transform
[0m15:25:33.738247 [info ] [MainThread]:   client_session_keep_alive: False
[0m15:25:33.739766 [info ] [MainThread]:   query_tag: None
[0m15:25:33.741255 [info ] [MainThread]: Registered adapter: snowflake=1.5.0
[0m15:25:33.744255 [debug] [MainThread]: Acquiring new snowflake connection 'debug'
[0m15:25:33.745256 [debug] [MainThread]: Using snowflake connection "debug"
[0m15:25:33.746254 [debug] [MainThread]: On debug: select 1 as id
[0m15:25:33.746254 [debug] [MainThread]: Opening a new connection, currently in state init
[0m15:25:35.632598 [debug] [MainThread]: SQL status: SUCCESS 1 in 2.0 seconds
[0m15:25:35.634539 [debug] [MainThread]: On debug: Close
[0m15:25:35.817617 [info ] [MainThread]:   Connection test: [[32mOK connection ok[0m]

[0m15:25:35.819615 [info ] [MainThread]: [31m1 check failed:[0m
[0m15:25:35.822618 [info ] [MainThread]: Could not load dbt_project.yml

[0m15:25:35.824616 [debug] [MainThread]: Command `dbt debug` failed at 15:25:35.824616 after 2.72 seconds
[0m15:25:35.825648 [debug] [MainThread]: Connection 'debug' was properly closed.
[0m15:25:35.827764 [debug] [MainThread]: Sending event: {'category': 'dbt', 'action': 'invocation', 'label': 'end', 'context': [<snowplow_tracker.self_describing_json.SelfDescribingJson object at 0x000001EEA1268150>, <snowplow_tracker.self_describing_json.SelfDescribingJson object at 0x000001EEA1805410>, <snowplow_tracker.self_describing_json.SelfDescribingJson object at 0x000001EE9F4ED650>]}
[0m15:25:35.828660 [debug] [MainThread]: Flushing usage events
[0m10:34:23.861072 [debug] [MainThread]: Sending event: {'category': 'dbt', 'action': 'invocation', 'label': 'start', 'context': [<snowplow_tracker.self_describing_json.SelfDescribingJson object at 0x000001FDC3B75E90>, <snowplow_tracker.self_describing_json.SelfDescribingJson object at 0x000001FDC3B62990>, <snowplow_tracker.self_describing_json.SelfDescribingJson object at 0x000001FDC3B75310>]}


============================== 10:34:23.868760 | f3fb7f07-f08f-43a6-b19c-2d7827833d38 ==============================
[0m10:34:23.868760 [info ] [MainThread]: Running with dbt=1.5.8
[0m10:34:23.870072 [debug] [MainThread]: running dbt with arguments {'printer_width': '80', 'indirect_selection': 'eager', 'log_cache_events': 'False', 'write_json': 'True', 'partial_parse': 'True', 'cache_selected_only': 'False', 'warn_error': 'None', 'debug': 'False', 'profiles_dir': 'C:\\Users\\jsolis\\.dbt', 'log_path': 'logs', 'version_check': 'True', 'fail_fast': 'False', 'use_colors': 'True', 'use_experimental_parser': 'False', 'no_print': 'None', 'quiet': 'False', 'log_format': 'default', 'static_parser': 'True', 'warn_error_options': 'WarnErrorOptions(include=[], exclude=[])', 'introspect': 'True', 'target_path': 'None', 'send_anonymous_usage_stats': 'True'}
[0m10:34:23.871217 [error] [MainThread]: Encountered an error:
Runtime Error
  No dbt_project.yml found at expected path C:\Users\jsolis\Desktop\DBTCourse1\dbt_project.yml
  Verify that each entry within packages.yml (and their transitive dependencies) contains a file named dbt_project.yml
  
[0m10:34:23.873105 [debug] [MainThread]: Command `dbt seed` failed at 10:34:23.873105 after 0.18 seconds
[0m10:34:23.873105 [debug] [MainThread]: Sending event: {'category': 'dbt', 'action': 'invocation', 'label': 'end', 'context': [<snowplow_tracker.self_describing_json.SelfDescribingJson object at 0x000001FDC3B655D0>, <snowplow_tracker.self_describing_json.SelfDescribingJson object at 0x000001FDC10F3710>, <snowplow_tracker.self_describing_json.SelfDescribingJson object at 0x000001FDBD8D9550>]}
[0m10:34:23.874104 [debug] [MainThread]: Flushing usage events
